Exception in thread "AWT-EventQueue-0" java.lang.ArrayIndexOutOfBoundsException: Index 0 out of bounds for length 0
	at java.desktop/javax.swing.plaf.basic.BasicListUI.updateLayoutState(BasicListUI.java:1451)
	at java.desktop/javax.swing.plaf.basic.BasicListUI.maybeUpdateLayoutState(BasicListUI.java:1394)
	at java.desktop/javax.swing.plaf.basic.BasicListUI.getPreferredSize(BasicListUI.java:653)
	at java.desktop/javax.swing.JComponent.getPreferredSize(JComponent.java:1734)
	at java.desktop/javax.swing.ScrollPaneLayout.layoutContainer(ScrollPaneLayout.java:799)
	at java.desktop/java.awt.Container.layout(Container.java:1541)
	at java.desktop/java.awt.Container.doLayout(Container.java:1530)
	at java.desktop/java.awt.Container.validateTree(Container.java:1725)
	at java.desktop/java.awt.Container.validate(Container.java:1660)
	at java.desktop/javax.swing.RepaintManager$3.run(RepaintManager.java:757)
	at java.desktop/javax.swing.RepaintManager$3.run(RepaintManager.java:755)
	at java.base/java.security.AccessController.doPrivileged(AccessController.java:399)
	at java.base/java.security.ProtectionDomain$JavaSecurityAccessImpl.doIntersectionPrivilege(ProtectionDomain.java:86)
	at java.desktop/javax.swing.RepaintManager.validateInvalidComponents(RepaintManager.java:754)
	at java.desktop/javax.swing.RepaintManager$ProcessingRunnable.run(RepaintManager.java:1896)
	at java.desktop/java.awt.event.InvocationEvent.dispatch(InvocationEvent.java:318)
	at java.desktop/java.awt.EventQueue.dispatchEventImpl(EventQueue.java:773)
	at java.desktop/java.awt.EventQueue$4.run(EventQueue.java:720)
	at java.desktop/java.awt.EventQueue$4.run(EventQueue.java:714)
	at java.base/java.security.AccessController.doPrivileged(AccessController.java:399)
	at java.base/java.security.ProtectionDomain$JavaSecurityAccessImpl.doIntersectionPrivilege(ProtectionDomain.java:86)
	at java.desktop/java.awt.EventQueue.dispatchEvent(EventQueue.java:742)
	at java.desktop/java.awt.EventDispatchThread.pumpOneEventForFilters(EventDispatchThread.java:203)
	at java.desktop/java.awt.EventDispatchThread.pumpEventsForFilter(EventDispatchThread.java:124)
	at java.desktop/java.awt.EventDispatchThread.pumpEventsForHierarchy(EventDispatchThread.java:113)
	at java.desktop/java.awt.EventDispatchThread.pumpEvents(EventDispatchThread.java:109)
	at java.desktop/java.awt.EventDispatchThread.pumpEvents(EventDispatchThread.java:101)
	at java.desktop/java.awt.EventDispatchThread.run(EventDispatchThread.java:90)
Exception in thread "AWT-EventQueue-0" java.lang.ArrayIndexOutOfBoundsException: Index 0 out of bounds for length 0
	at java.desktop/javax.swing.plaf.basic.BasicListUI.updateLayoutState(BasicListUI.java:1451)
	at java.desktop/javax.swing.plaf.basic.BasicListUI.maybeUpdateLayoutState(BasicListUI.java:1394)
	at java.desktop/javax.swing.plaf.basic.BasicListUI.getPreferredSize(BasicListUI.java:653)
	at java.desktop/javax.swing.JComponent.getPreferredSize(JComponent.java:1734)
	at java.desktop/javax.swing.ScrollPaneLayout.layoutContainer(ScrollPaneLayout.java:799)
	at java.desktop/java.awt.Container.layout(Container.java:1541)
	at java.desktop/java.awt.Container.doLayout(Container.java:1530)
	at java.desktop/java.awt.Container.validateTree(Container.java:1725)
	at java.desktop/java.awt.Container.validate(Container.java:1660)
	at java.desktop/javax.swing.RepaintManager$3.run(RepaintManager.java:757)
	at java.desktop/javax.swing.RepaintManager$3.run(RepaintManager.java:755)
	at java.base/java.security.AccessController.doPrivileged(AccessController.java:399)
	at java.base/java.security.ProtectionDomain$JavaSecurityAccessImpl.doIntersectionPrivilege(ProtectionDomain.java:86)
	at java.desktop/javax.swing.RepaintManager.validateInvalidComponents(RepaintManager.java:754)
	at java.desktop/javax.swing.RepaintManager$ProcessingRunnable.run(RepaintManager.java:1896)
	at java.desktop/java.awt.event.InvocationEvent.dispatch(InvocationEvent.java:318)
	at java.desktop/java.awt.EventQueue.dispatchEventImpl(EventQueue.java:773)
	at java.desktop/java.awt.EventQueue$4.run(EventQueue.java:720)
	at java.desktop/java.awt.EventQueue$4.run(EventQueue.java:714)
	at java.base/java.security.AccessController.doPrivileged(AccessController.java:399)
	at java.base/java.security.ProtectionDomain$JavaSecurityAccessImpl.doIntersectionPrivilege(ProtectionDomain.java:86)
	at java.desktop/java.awt.EventQueue.dispatchEvent(EventQueue.java:742)
	at java.desktop/java.awt.EventDispatchThread.pumpOneEventForFilters(EventDispatchThread.java:203)
	at java.desktop/java.awt.EventDispatchThread.pumpEventsForFilter(EventDispatchThread.java:124)
	at java.desktop/java.awt.EventDispatchThread.pumpEventsForHierarchy(EventDispatchThread.java:113)
	at java.desktop/java.awt.EventDispatchThread.pumpEvents(EventDispatchThread.java:109)
	at java.desktop/java.awt.EventDispatchThread.pumpEvents(EventDispatchThread.java:101)
	at java.desktop/java.awt.EventDispatchThread.run(EventDispatchThread.java:90)
